timestamp: 2024.12.27_14.41.48
serial: 1158040141
model: Рутокен Lite 1010
set-user-pin
    auth-as: so
    new-pin: ***
status: success

timestamp: 2024.12.27_14.47.05
serial: 1158040141
model: Рутокен Lite 1010
set-user-pin
    auth-as: so
    new-pin: ***
status: success

timestamp: 2024.12.27_14.59.38
serial: 1158040141
model: Рутокен Lite 1010
set-user-pin
    auth-as: so
    new-pin: ***
status: success

timestamp: 2024.12.27_15.09.10
serial: 1158040141
model: Рутокен Lite 1010
set-user-pin
    auth-as: so
    new-pin: ***
status: success

timestamp: 2024.12.27_15.14.06
serial: 1158040141
model: Рутокен Lite 1010
set-user-pin
    auth-as: so
    new-pin: ***
status: success

timestamp: 2024.12.27_15.14.23
serial: 1158040141
model: Рутокен Lite 1010
set-user-pin
    auth-as: so
    new-pin: ***
status: success

timestamp: 2024.12.27_15.15.15
serial: 1158040141
model: Рутокен Lite 1010
set-user-pin
    auth-as: so
    new-pin: ***
status: success

